2023-11-24: d:/Hssan_Project/Python_basic_finalproject_Hassan_Zeynali/Python_basic_finalproject_Hassan_Zeynali.py
2023-11-24: Python_basic_finalproject_Hassan_Zeynali.py --ls
2023-11-24: Python_basic_finalproject_Hassan_Zeynali.py --pwd
2023-11-24: Python_basic_finalproject_Hassan_Zeynali.py --pwd
2023-11-24: Python_basic_finalproject_Hassan_Zeynali.py --ls
2023-11-24: Python_basic_finalproject_Hassan_Zeynali.py --pwd
2023-11-24: Python_basic_finalproject_Hassan_Zeynali.py --ls
2023-11-24: Python_basic_finalproject_Hassan_Zeynali.py --pwd
2023-11-24: Python_basic_finalproject_Hassan_Zeynali.py --ls
2023-11-24: Python_basic_finalproject_Hassan_Zeynali.py -l
2023-11-24: Python_basic_finalproject_Hassan_Zeynali.py -l
2023-11-24: Python_basic_finalproject_Hassan_Zeynali.py --find-type
2023-11-24: Python_basic_finalproject_Hassan_Zeynali.py --find -name README.md -path D:\Hssan_Project\Python_basic_finalproject_Hassan_Zeynali
2023-11-24: Python_basic_finalproject_Hassan_Zeynali.py --find-type -name README.md -path D:\Hssan_Project\Python_basic_finalproject_Hassan_Zeynali
2023-11-24: Python_basic_finalproject_Hassan_Zeynali.py --find-type -name README.md -path D:\Hssan_Project\Python_basic_finalproject_Hassan_Zeynali
2023-11-24: Python_basic_finalproject_Hassan_Zeynali.py --find-type -name README.md -path D:\Hssan_Project\Python_basic_finalproject_Hassan_Zeynali
2023-11-24: Python_basic_finalproject_Hassan_Zeynali.py --find-type -name README.md -path D:\Hssan_Project\Python_basic_finalproject_Hassan_Zeynali
2023-11-24: Python_basic_finalproject_Hassan_Zeynali.py --find-type -name README -path D:\Hssan_Project\Python_basic_finalproject_Hassan_Zeynali
2023-11-24: Python_basic_finalproject_Hassan_Zeynali.py --find-type -name README -path D:\Hssan_Project\Python_basic_finalproject_Hassan_Zeynali
2023-11-24: Python_basic_finalproject_Hassan_Zeynali.py --find-type -name README.md -path D:\Hssan_Project\Python_basic_finalproject_Hassan_Zeynali
2023-11-24: Python_basic_finalproject_Hassan_Zeynali.py --find -name README.md -path D:\Hssan_Project\Python_basic_finalproject_Hassan_Zeynali
2023-11-24: Python_basic_finalproject_Hassan_Zeynali.py --find -name README.md -path D:\Hssan_Project\Python_basic_finalproject_Hassan_Zeynali
2023-11-24: Python_basic_finalproject_Hassan_Zeynali.py --find -name README.md -path D:\Hssan_Project\Python_basic_finalproject_Hassan_Zeynali
2023-11-24: Python_basic_finalproject_Hassan_Zeynali.py --find-type -name README.md -path D:\Hssan_Project\Python_basic_finalproject_Hassan_Zeynali
2023-11-24: Python_basic_finalproject_Hassan_Zeynali.py --find-type -name README.md -path D:\Hssan_Project\Python_basic_finalproject_Hassan_Zeynali
2023-11-24: Python_basic_finalproject_Hassan_Zeynali.py --find-type -name README.md -path D:\Hssan_Project\Python_basic_finalproject_Hassan_Zeynali
2023-11-24: Python_basic_finalproject_Hassan_Zeynali.py --find-type -name README.md -path D:\Hssan_Project\Python_basic_finalproject_Hassan_Zeynali
2023-11-24: Python_basic_finalproject_Hassan_Zeynali.py --find-type -name README.md -path D:\Hssan_Project\Python_basic_finalproject_Hassan_Zeynali
2023-11-24: Python_basic_finalproject_Hassan_Zeynali.py --find-type -name README.md -path D:\Hssan_Project\Python_basic_finalproject_Hassan_Zeynali
2023-11-24: Python_basic_finalproject_Hassan_Zeynali.py --find-type -name README.md -path D:\Hssan_Project\Python_basic_finalproject_Hassan_Zeynali
2023-11-24: Python_basic_finalproject_Hassan_Zeynali.py --find-type -name README.md -path D:\Hssan_Project\Python_basic_finalproject_Hassan_Zeynali
2023-11-24: Python_basic_finalproject_Hassan_Zeynali.py --find-type -name README.md -path D:\Hssan_Project\Python_basic_finalproject_Hassan_Zeynali
2023-11-24: Python_basic_finalproject_Hassan_Zeynali.py --find-type -name README.md -path D:\Hssan_Project\Python_basic_finalproject_Hassan_Zeynali
2023-11-24: Python_basic_finalproject_Hassan_Zeynali.py --find-type -name README.md -path D:\Hssan_Project\Python_basic_finalproject_Hassan_Zeynali
2023-11-24: Python_basic_finalproject_Hassan_Zeynali.py --find-type -name md -path D:\Hssan_Project\Python_basic_finalproject_Hassan_Zeynali
2023-11-24: Python_basic_finalproject_Hassan_Zeynali.py --find-type -name md -path D:\Hssan_Project\Python_basic_finalproject_Hassan_Zeynali
2023-11-24: Python_basic_finalproject_Hassan_Zeynali.py --find-type -name md -path D:\Hssan_Project\Python_basic_finalproject_Hassan_Zeynali
2023-11-24: Python_basic_finalproject_Hassan_Zeynali.py --find-type -name md -path D:\Hssan_Project\Python_basic_finalproject_Hassan_Zeynali
2023-11-24: Python_basic_finalproject_Hassan_Zeynali.py --find-type -name md -path D:\Hssan_Project\Python_basic_finalproject_Hassan_Zeynali
2023-11-24: Python_basic_finalproject_Hassan_Zeynali.py --find-type -name md -path D:\Hssan_Project\Python_basic_finalproject_Hassan_Zeynali
2023-11-24: d:\Hssan_Project\Python_basic_finalproject_Hassan_Zeynali\Python_basic_finalproject_Hassan_Zeynali.py
2023-11-24: Python_basic_finalproject_Hassan_Zeynali.py --find-type -name md -path D:\Hssan_Project\Python_basic_finalproject_Hassan_Zeynali
2023-11-24: Python_basic_finalproject_Hassan_Zeynali.py --find-type -name md -path D:\Hssan_Project\Python_basic_finalproject_Hassan_Zeynali
2023-11-24: Python_basic_finalproject_Hassan_Zeynali.py --find-type -name md -path D:\Hssan_Project\Python_basic_finalproject_Hassan_Zeynali
2023-11-24: Python_basic_finalproject_Hassan_Zeynali.py --find-type -name md -path D:\Hssan_Project\Python_basic_finalproject_Hassan_Zeynali
2023-11-24: Python_basic_finalproject_Hassan_Zeynali.py --find-type -name md -path D:\Hssan_Project\Python_basic_finalproject_Hassan_Zeynali
2023-11-24: Python_basic_finalproject_Hassan_Zeynali.py --find-type -name md -path D:\Hssan_Project\Python_basic_finalproject_Hassan_Zeynali
2023-11-24: Python_basic_finalproject_Hassan_Zeynali.py --find-type -name md -path D:\Hssan_Project\Python_basic_finalproject_Hassan_Zeynali
2023-11-24: Python_basic_finalproject_Hassan_Zeynali.py --find-type -name md -path D:\Hssan_Project\Python_basic_finalproject_Hassan_Zeynali
2023-11-24: Python_basic_finalproject_Hassan_Zeynali.py --find-type -name md -path D:\Hssan_Project\Python_basic_finalproject_Hassan_Zeynali
2023-11-24: Python_basic_finalproject_Hassan_Zeynali.py --find-type -name md -path D:\Hssan_Project\Python_basic_finalproject_Hassan_Zeynali
2023-11-24: Python_basic_finalproject_Hassan_Zeynali.py --find-type -name md -path D:\Hssan_Project\Python_basic_finalproject_Hassan_Zeynali
2023-11-24: Python_basic_finalproject_Hassan_Zeynali.py --find-type -name pdf -path D:\python
2023-11-25: Python_basic_finalproject_Hassan_Zeynali.py --find-type -name md -path D:\Hssan_Project\Python_basic_finalproject_Hassan_Zeynali
2023-11-25: Python_basic_finalproject_Hassan_Zeynali.py --find-type -name pdf -path D:\python
2023-11-25: Python_basic_finalproject_Hassan_Zeynali.py --find-type -name pdf -path D:\python
2023-11-25: Python_basic_finalproject_Hassan_Zeynali.py --find-type -name pdf -path D:\python
2023-11-25: Python_basic_finalproject_Hassan_Zeynali.py --find -name README.md -path D:\Hssan_Project\Python_basic_finalproject_Hassan_Zeynali
2023-11-25: Python_basic_finalproject_Hassan_Zeynali.py --find -name README.md -path D:\Hssan_Project\Python_basic_finalproject_Hassan_Zeynali
2023-11-25: Python_basic_finalproject_Hassan_Zeynali.py --find-type -name pdf -path D:\python
2023-11-25: Python_basic_finalproject_Hassan_Zeynali.py --find-type -name pdf -path D:\python
2023-11-25: Python_basic_finalproject_Hassan_Zeynali.py --find-type -typ pdf -path D:\python
2023-11-25: Python_basic_finalproject_Hassan_Zeynali.py --find-type -type pdf -path D:\python
2023-11-25: Python_basic_finalproject_Hassan_Zeynali.py --find-type -typ pdf -path D:\python
2023-11-25: Python_basic_finalproject_Hassan_Zeynali.py --find-type -typ pdf -path D:\python
2023-11-25: Python_basic_finalproject_Hassan_Zeynali.py --find-type -typ md -path D:\Hssan_Project\Python_basic_finalproject_Hassan_Zeynali
2023-11-25 - 17:15:13: e:\Hassan\filoger\Python\Exercises\Python_basic_finalproject_Hassan_Zeynali\Python_basic_finalproject_Hassan_Zeynali\Python_basic_finalproject_Hassan_Zeynali.py
2023-11-25 - 17:15:51: Python_basic_finalproject_Hassan_Zeynali.py --ls
2023-11-25 - 17:15:58: Python_basic_finalproject_Hassan_Zeynali.py --pwd
2023-11-25 - 17:17:10: Python_basic_finalproject_Hassan_Zeynali.py --pw
2023-11-25 - 23:35:42: e:\Hassan\filoger\Python\Exercises\Python_basic_finalproject_Hassan_Zeynali\Python_basic_finalproject_Hassan_Zeynali\Python_basic_finalproject_Hassan_Zeynali.py
2023-11-25 - 23:45:46: Python_basic_finalproject_Hassan_Zeynali.py --find-type -typ txt -path E:\Hassan\filoger\Python\Exercises\Python_basic_finalproject_Hassan_Zeynali\Python_basic_finalproject_Hassan_Zeynali\
2023-11-25 - 23:46:10: Python_basic_finalproject_Hassan_Zeynali.py --find-type -typ txt -path E:\Hassan\filoger\Python\Exercises\Python_basic_finalproject_Hassan_Zeynali\Python_basic_finalproject_Hassan_Zeynali\
2023-11-26 - 00:17:02: Python_basic_finalproject_Hassan_Zeynali.py --find-type -typ pdf -path E:\Hassan\filoger\Python\Exercises\
2023-11-26 - 00:17:24: Python_basic_finalproject_Hassan_Zeynali.py --find-type -typ py -path E:\Hassan\filoger\Python\Exercises\
2023-11-26 - 00:17:37: Python_basic_finalproject_Hassan_Zeynali.py --find-type -typ py -path E:\Hassan\filoger\Python\Exercises\
2023-11-26 - 00:25:17: Python_basic_finalproject_Hassan_Zeynali.py --find-type -typ txt -path E:\Hassan\filoger\Python\Exercises\
2023-11-26 - 00:25:33: Python_basic_finalproject_Hassan_Zeynali.py --find-type -typ txt -path E:\Hassan\
2023-11-26 - 14:00:51: e:\Hassan\filoger\Python\Exercises\Python_basic_finalproject_Hassan_Zeynali\Python_basic_finalproject_Hassan_Zeynali\Python_basic_finalproject_Hassan_Zeynali.py
2023-11-26 - 14:02:43: Python_basic_finalproject_Hassan_Zeynali.py --rmdir -path E:\Hassan\asd\
2023-11-26 - 14:03:06: Python_basic_finalproject_Hassan_Zeynali.py --rmdir -path E:\Hassan\asd\
2023-11-26 - 14:03:13: Python_basic_finalproject_Hassan_Zeynali.py --rmdir -path E:\Hassan\auio\
2023-11-26 - 14:03:33: Python_basic_finalproject_Hassan_Zeynali.py --show-logs
2023-11-26 - 14:07:11: e:\Hassan\filoger\Python\Exercises\Python_basic_finalproject_Hassan_Zeynali\Python_basic_finalproject_Hassan_Zeynali\Python_basic_finalproject_Hassan_Zeynali.py
2023-11-26 - 14:08:24: e:\Hassan\filoger\Python\Exercises\Python_basic_finalproject_Hassan_Zeynali\Python_basic_finalproject_Hassan_Zeynali\Python_basic_finalproject_Hassan_Zeynali.py
2023-11-26 - 14:09:08: Python_basic_finalproject_Hassan_Zeynali.py --rmdir -path E:\Hassan\arty\
2023-11-26 - 14:10:12: Python_basic_finalproject_Hassan_Zeynali.py --rmdir -path E:\Hassan\awqerrt\
2023-11-26 - 14:10:28: Python_basic_finalproject_Hassan_Zeynali.py --rmdir -path E:\Hassan\arty\ahjk\
2023-11-26 - 14:10:34: Python_basic_finalproject_Hassan_Zeynali.py --rmdir -path E:\Hassan\arty\
2023-11-26 - 14:10:45: Python_basic_finalproject_Hassan_Zeynali.py --rmdir -path E:\Hassan\awqerrt\
